app/manifest-merger-release-report.txt
-- Merging decision tree log ---
manifest
ADDED from AndroidManifest.xml:2:1
	package
		ADDED from AndroidManifest.xml:3:5
		INJECTED from AndroidManifest.xml:0:0
		INJECTED from AndroidManifest.xml:0:0
	android:versionName
		INJECTED from AndroidManifest.xml:0:0
		INJECTED from AndroidManifest.xml:0:0
	xmlns:android
		ADDED from AndroidManifest.xml:2:11
	android:versionCode
		INJECTED from AndroidManifest.xml:0:0
		INJECTED from AndroidManifest.xml:0:0
uses-feature#0x00020000
ADDED from AndroidManifest.xml:5:5
	android:glEsVersion
		ADDED from AndroidManifest.xml:6:9
	android:required
		ADDED from AndroidManifest.xml:7:9
application
ADDED from AndroidManifest.xml:9:5
MERGED from com.google.android.gms:play-services:4.4.52:18:5
MERGED from com.android.support:appcompat-v7:19.1.0:19:5
	android:label
		ADDED from AndroidManifest.xml:13:9
	android:allowBackup
		ADDED from AndroidManifest.xml:11:9
	android:icon
		ADDED from AndroidManifest.xml:12:9
	android:theme
		ADDED from AndroidManifest.xml:14:9
activity#edu.stanford.baseline.sharkpulse2.StartActivity
ADDED from AndroidManifest.xml:15:9
	android:label
		ADDED from AndroidManifest.xml:17:13
	android:name
		ADDED from AndroidManifest.xml:16:13
intent-filter#android.intent.action.MAIN+android.intent.category.LAUNCHER
ADDED from AndroidManifest.xml:18:13
action#android.intent.action.MAIN
ADDED from AndroidManifest.xml:19:17
	android:name
		ADDED from AndroidManifest.xml:19:25
category#android.intent.category.LAUNCHER
ADDED from AndroidManifest.xml:20:17
	android:name
		ADDED from AndroidManifest.xml:20:27
activity#edu.stanford.baseline.sharkpulse2.FormActivity
ADDED from AndroidManifest.xml:23:9
	android:label
		ADDED from AndroidManifest.xml:25:13
	android:name
		ADDED from AndroidManifest.xml:24:13
activity#edu.stanford.baseline.sharkpulse2.MapActivity
ADDED from AndroidManifest.xml:27:9
	android:label
		ADDED from AndroidManifest.xml:29:13
	android:name
		ADDED from AndroidManifest.xml:28:13
activity#edu.stanford.baseline.sharkpulse2.ReceiptActivity
ADDED from AndroidManifest.xml:31:9
	android:label
		ADDED from AndroidManifest.xml:32:13
	android:name
		ADDED from AndroidManifest.xml:31:19
meta-data#com.google.android.maps.v2.API_KEY
ADDED from AndroidManifest.xml:36:9
	android:value
		ADDED from AndroidManifest.xml:38:13
	android:name
		ADDED from AndroidManifest.xml:37:13
meta-data#com.google.android.gms.version
ADDED from AndroidManifest.xml:40:9
	android:value
		ADDED from AndroidManifest.xml:42:13
	android:name
		ADDED from AndroidManifest.xml:41:13
uses-feature#android.hardware.camera
ADDED from AndroidManifest.xml:46:5
	android:required
		ADDED from AndroidManifest.xml:46:58
	android:name
		ADDED from AndroidManifest.xml:46:19
uses-permission#android.permission.READ_EXTERNAL_STORAGE
ADDED from AndroidManifest.xml:47:5
	android:name
		ADDED from AndroidManifest.xml:47:22
uses-permission#android.permission.ACCESS_GPS
ADDED from AndroidManifest.xml:48:5
	android:name
		ADDED from AndroidManifest.xml:48:22
uses-permission#android.permission.ACCESS_COARSE_LOCATION
ADDED from AndroidManifest.xml:49:5
	android:name
		ADDED from AndroidManifest.xml:49:22
uses-permission#android.permission.ACCESS_FINE_LOCATION
ADDED from AndroidManifest.xml:50:5
	android:name
		ADDED from AndroidManifest.xml:50:22
uses-permission#android.permission.INTERNET
ADDED from AndroidManifest.xml:51:5
	android:name
		ADDED from AndroidManifest.xml:51:22
uses-permission#android.permission.ACCESS_NETWORK_STATE
ADDED from AndroidManifest.xml:52:5
	android:name
		ADDED from AndroidManifest.xml:52:22
uses-permission#android.permission.WRITE_EXTERNAL_STORAGE
ADDED from AndroidManifest.xml:53:5
	android:name
		ADDED from AndroidManifest.xml:53:22
uses-permission#android.permission.GET_ACCOUNTS
ADDED from AndroidManifest.xml:54:5
	android:name
		ADDED from AndroidManifest.xml:54:22
uses-sdk
INJECTED from AndroidManifest.xml:0:0 reason: use-sdk injection requested
MERGED from com.google.android.gms:play-services:4.4.52:17:5
MERGED from com.android.support:appcompat-v7:19.1.0:18:5
	android:targetSdkVersion
		INJECTED from AndroidManifest.xml:0:0
		INJECTED from AndroidManifest.xml:0:0
	android:minSdkVersion
		INJECTED from AndroidManifest.xml:0:0
		INJECTED from AndroidManifest.xml:0:0